<?xml version="1.0" encoding="UTF-8"?>
<!-- Generated by org.testng.reporters.JUnitReportReporter -->
<testsuite hostname="andre-pc" name="com.aol.AolTestCases.AOLTestCases" tests="2" failures="0" timestamp="22 Nov 2015 18:00:13 GMT" time="42.533" errors="0">
  <testcase name="testcase1" time="13.698" classname="com.aol.AolTestCases.AOLTestCases"/>
  <testcase name="testcase2" time="28.835" classname="com.aol.AolTestCases.AOLTestCases"/>
</testsuite> <!-- com.aol.AolTestCases.AOLTestCases -->
